<?xml version="1.0" encoding="UTF-8"?>
<!-- Generated by org.testng.reporters.JUnitReportReporter -->
<testsuite hostname="LAPTOP-9TU4N0NM" failures="0" tests="3" name="io.stage.hudinielevate.cms.tests.DesignConfigsTest" time="49.144" errors="0" timestamp="2024-10-28T17:51:24 IST" skipped="2">
  <testcase classname="io.stage.hudinielevate.cms.tests.DesignConfigsTest" name="verifyupdateComponentsTest" time="49.144"/>
  <system-out/>
  <testcase classname="io.stage.hudinielevate.cms.tests.DesignConfigsTest" name="verifyAddComponentsTest">
    <skipped/>
  </testcase> <!-- verifyAddComponentsTest -->
  <system-out/>
  <testcase classname="io.stage.hudinielevate.cms.tests.DesignConfigsTest" name="verifyCreatePageTest">
    <skipped/>
  </testcase> <!-- verifyCreatePageTest -->
  <system-out/>
</testsuite> <!-- io.stage.hudinielevate.cms.tests.DesignConfigsTest -->
