<?xml version="1.0" encoding="UTF-8"?>
<!-- Generated by org.testng.reporters.JUnitReportReporter -->
<testsuite hostname="DESKTOP-QFEAF0U" failures="0" tests="3" name="io.stage.hudinielevate.cms.tests.RestaurantsTest" time="244.705" errors="0" timestamp="2024-03-08T17:07:19 IST" skipped="0">
  <testcase classname="io.stage.hudinielevate.cms.tests.RestaurantsTest" name="verifyChefCreationTest" time="62.973"/>
  <system-out/>
  <testcase classname="io.stage.hudinielevate.cms.tests.RestaurantsTest" name="verifyChefUpdationTest" time="65.752"/>
  <system-out/>
  <testcase classname="io.stage.hudinielevate.cms.tests.RestaurantsTest" name="verifyChefDeletionTest" time="115.980"/>
  <system-out/>
</testsuite> <!-- io.stage.hudinielevate.cms.tests.RestaurantsTest -->
