<?xml version="1.0" encoding="UTF-8"?>
<!-- Generated by org.testng.reporters.JUnitReportReporter -->
<testsuite hostname="LAPTOP-KCKTHUR7" failures="0" tests="1" name="io.stage.hudinielevate.cms.tests.MyTest" time="7.134" errors="0" timestamp="2023-10-12T16:47:19 IST" skipped="0">
  <testcase classname="io.stage.hudinielevate.cms.tests.MyTest" name="testing1" time="7.134"/>
</testsuite> <!-- io.stage.hudinielevate.cms.tests.MyTest -->
