<?xml version="1.0" encoding="UTF-8"?>
<!-- Generated by org.testng.reporters.JUnitReportReporter -->
<testsuite hostname="DESKTOP-QFEAF0U" failures="0" tests="6" name="io.stage.hudinielevate.cms.tests.OffersPageTest" time="248.860" errors="0" timestamp="2024-03-20T16:11:38 IST" skipped="0">
  <testcase classname="io.stage.hudinielevate.cms.tests.OffersPageTest" name="verifyOffersCreationTest" time="43.673"/>
  <system-out/>
  <testcase classname="io.stage.hudinielevate.cms.tests.OffersPageTest" name="VerifyOffersCardCreation" time="37.999"/>
  <system-out/>
  <testcase classname="io.stage.hudinielevate.cms.tests.OffersPageTest" name="verifyOffersCardIsDeactivated" time="42.610"/>
  <system-out/>
  <testcase classname="io.stage.hudinielevate.cms.tests.OffersPageTest" name="verifyOfferCardIsDeleted" time="41.314"/>
  <system-out/>
  <testcase classname="io.stage.hudinielevate.cms.tests.OffersPageTest" name="verifyOfferIsDeactivated" time="41.703"/>
  <system-out/>
  <testcase classname="io.stage.hudinielevate.cms.tests.OffersPageTest" name="verifyOfferIsDeleted" time="41.561"/>
  <system-out/>
</testsuite> <!-- io.stage.hudinielevate.cms.tests.OffersPageTest -->
