<?xml version="1.0" encoding="UTF-8"?>
<!-- Generated by org.testng.reporters.JUnitReportReporter -->
<testsuite hostname="DESKTOP-QFEAF0U" failures="0" tests="4" name="io.stage.hudinielevate.cms.tests.ActivityCalendarPageTest" time="187.357" errors="0" timestamp="2024-04-23T16:11:56 IST" skipped="0">
  <testcase classname="io.stage.hudinielevate.cms.tests.ActivityCalendarPageTest" name="VerifyNewActivityCalendarCreationTest" time="50.269"/>
  <system-out/>
  <testcase classname="io.stage.hudinielevate.cms.tests.ActivityCalendarPageTest" name="VerifyNewActivityActivateTest" time="41.494"/>
  <system-out/>
  <testcase classname="io.stage.hudinielevate.cms.tests.ActivityCalendarPageTest" name="VerifyNewActivityEditTest" time="56.740"/>
  <system-out/>
  <testcase classname="io.stage.hudinielevate.cms.tests.ActivityCalendarPageTest" name="VerifyNewActivityDeleteTest" time="38.854"/>
  <system-out/>
</testsuite> <!-- io.stage.hudinielevate.cms.tests.ActivityCalendarPageTest -->
