<?xml version="1.0" encoding="UTF-8"?>
<!-- Generated by org.testng.reporters.JUnitReportReporter -->
<testsuite hostname="LAPTOP-KCKTHUR7" failures="0" tests="2" name="io.stage.hudinielevate.cms.tests.LoginPageTest" time="33.332" errors="0" timestamp="2024-03-04T18:56:54 IST" skipped="0">
  <testcase classname="io.stage.hudinielevate.cms.tests.LoginPageTest" name="verifyHudiniLogoDisplayTest" time="6.022"/>
  <testcase classname="io.stage.hudinielevate.cms.tests.LoginPageTest" name="verifyLoginAsSuperAdminTest" time="27.310"/>
</testsuite> <!-- io.stage.hudinielevate.cms.tests.LoginPageTest -->
