<?xml version="1.0" encoding="UTF-8"?>
<!-- Generated by org.testng.reporters.JUnitReportReporter -->
<testsuite hostname="LAPTOP-9TU4N0NM" failures="0" tests="1" name="io.stage.hudinielevate.cms.tests.hotelDropDown" time="32.227" errors="0" timestamp="2025-09-08T14:34:47 IST" skipped="0">
  <testcase classname="io.stage.hudinielevate.cms.tests.hotelDropDown" name="verifyCreatePageTest" time="32.227"/>
  <system-out/>
</testsuite> <!-- io.stage.hudinielevate.cms.tests.hotelDropDown -->
