<?xml version="1.0" encoding="UTF-8"?>
<!-- Generated by org.testng.reporters.JUnitReportReporter -->
<testsuite hostname="DESKTOP-QFEAF0U" failures="0" tests="9" name="io.stage.hudinielevate.cms.tests.PropertiesTest" time="401.630" errors="0" timestamp="2024-03-08T16:16:45 IST" skipped="0">
  <testcase classname="io.stage.hudinielevate.cms.tests.PropertiesTest" name="verifyGroupCreationTest" time="33.974"/>
  <system-out/>
  <testcase classname="io.stage.hudinielevate.cms.tests.PropertiesTest" name="verifyBrandCreationTest" time="49.306"/>
  <system-out/>
  <testcase classname="io.stage.hudinielevate.cms.tests.PropertiesTest" name="verifyHotelCreationTest" time="65.380"/>
  <system-out/>
  <testcase classname="io.stage.hudinielevate.cms.tests.PropertiesTest" name="verifyHotelUpdationTest" time="44.184"/>
  <system-out/>
  <testcase classname="io.stage.hudinielevate.cms.tests.PropertiesTest" name="verifyBrandUpdationTest" time="45.564"/>
  <system-out/>
  <testcase classname="io.stage.hudinielevate.cms.tests.PropertiesTest" name="verifyGroupUpdationTest" time="37.226"/>
  <system-out/>
  <testcase classname="io.stage.hudinielevate.cms.tests.PropertiesTest" name="verifyHotelDeletionTest" time="48.195"/>
  <system-out/>
  <testcase classname="io.stage.hudinielevate.cms.tests.PropertiesTest" name="verifyBrandDeletionTest" time="40.988"/>
  <system-out/>
  <testcase classname="io.stage.hudinielevate.cms.tests.PropertiesTest" name="verifyGroupDeletionTest" time="36.813"/>
  <system-out/>
</testsuite> <!-- io.stage.hudinielevate.cms.tests.PropertiesTest -->
